Spark Command: /usr/lib/jvm/java-8-openjdk-amd64/jre/bin/java -cp /opt/spark-2.3.4-bin-hadoop2.7/conf/:/opt/spark-2.3.4-bin-hadoop2.7/jars/* -Xmx1g org.apache.spark.deploy.worker.Worker --webui-port 8081 spark://da1a180d6fad:7077
========================================
2021-03-20 07:57:55 INFO  Worker:2612 - Started daemon with process name: 125@da1a180d6fad
2021-03-20 07:57:55 INFO  SignalUtils:54 - Registered signal handler for TERM
2021-03-20 07:57:55 INFO  SignalUtils:54 - Registered signal handler for HUP
2021-03-20 07:57:55 INFO  SignalUtils:54 - Registered signal handler for INT
2021-03-20 07:57:56 WARN  NativeCodeLoader:62 - Unable to load native-hadoop library for your platform... using builtin-java classes where applicable
2021-03-20 07:57:56 INFO  SecurityManager:54 - Changing view acls to: root
2021-03-20 07:57:56 INFO  SecurityManager:54 - Changing modify acls to: root
2021-03-20 07:57:56 INFO  SecurityManager:54 - Changing view acls groups to: 
2021-03-20 07:57:56 INFO  SecurityManager:54 - Changing modify acls groups to: 
2021-03-20 07:57:56 INFO  SecurityManager:54 - SecurityManager: authentication disabled; ui acls disabled; users  with view permissions: Set(root); groups with view permissions: Set(); users  with modify permissions: Set(root); groups with modify permissions: Set()
2021-03-20 07:57:57 INFO  Utils:54 - Successfully started service 'sparkWorker' on port 37209.
2021-03-20 07:57:57 INFO  Worker:54 - Starting Spark worker 172.18.0.2:37209 with 2 cores, 6.3 GB RAM
2021-03-20 07:57:57 INFO  Worker:54 - Running Spark version 2.3.4
2021-03-20 07:57:57 INFO  Worker:54 - Spark home: /opt/spark-2.3.4-bin-hadoop2.7
2021-03-20 07:57:57 INFO  log:192 - Logging initialized @4592ms
2021-03-20 07:57:57 INFO  Server:351 - jetty-9.3.z-SNAPSHOT, build timestamp: unknown, git hash: unknown
2021-03-20 07:57:57 INFO  Server:419 - Started @4744ms
2021-03-20 07:57:57 INFO  AbstractConnector:278 - Started ServerConnector@76bf0898{HTTP/1.1,[http/1.1]}{0.0.0.0:8081}
2021-03-20 07:57:57 INFO  Utils:54 - Successfully started service 'WorkerUI' on port 8081.
2021-03-20 07:57:58 INFO  ContextHandler:781 - Started o.s.j.s.ServletContextHandler@922ff0b{/logPage,null,AVAILABLE,@Spark}
2021-03-20 07:57:58 INFO  ContextHandler:781 - Started o.s.j.s.ServletContextHandler@32b08064{/logPage/json,null,AVAILABLE,@Spark}
2021-03-20 07:57:58 INFO  ContextHandler:781 - Started o.s.j.s.ServletContextHandler@63f62f06{/,null,AVAILABLE,@Spark}
2021-03-20 07:57:58 INFO  ContextHandler:781 - Started o.s.j.s.ServletContextHandler@e63635d{/json,null,AVAILABLE,@Spark}
2021-03-20 07:57:58 INFO  ContextHandler:781 - Started o.s.j.s.ServletContextHandler@38e66155{/static,null,AVAILABLE,@Spark}
2021-03-20 07:57:58 INFO  ContextHandler:781 - Started o.s.j.s.ServletContextHandler@55082661{/log,null,AVAILABLE,@Spark}
2021-03-20 07:57:58 INFO  WorkerWebUI:54 - Bound WorkerWebUI to 0.0.0.0, and started at http://da1a180d6fad:8081
2021-03-20 07:57:58 INFO  Worker:54 - Connecting to master da1a180d6fad:7077...
2021-03-20 07:57:58 INFO  ContextHandler:781 - Started o.s.j.s.ServletContextHandler@40caeb14{/metrics/json,null,AVAILABLE,@Spark}
2021-03-20 07:57:58 INFO  TransportClientFactory:267 - Successfully created connection to da1a180d6fad/172.18.0.2:7077 after 147 ms (0 ms spent in bootstraps)
2021-03-20 07:57:59 INFO  Worker:54 - Successfully registered with master spark://da1a180d6fad:7077
